<?xml version="1.0" encoding="UTF-8"?>
<testng-results skipped="0" failed="0" ignored="0" total="1" passed="1">
  <reporter-output>
  </reporter-output>
  <suite name="Default suite" duration-ms="2905" started-at="2020-02-24T15:41:34 EST" finished-at="2020-02-24T15:41:37 EST">
    <groups>
    </groups>
    <test name="Default test" duration-ms="2905" started-at="2020-02-24T15:41:34 EST" finished-at="2020-02-24T15:41:37 EST">
      <class name="com.qa.tests.GetAPITest">
        <test-method status="PASS" signature="setUp()[pri:0, instance:com.qa.tests.GetAPITest@35d176f7]" name="setUp" is-config="true" duration-ms="9" started-at="2020-02-24T15:41:34 EST" finished-at="2020-02-24T15:41:34 EST">
          <reporter-output>
          </reporter-output>
        </test-method> <!-- setUp -->
        <test-method status="PASS" signature="getAPITest()[pri:0, instance:com.qa.tests.GetAPITest@35d176f7]" name="getAPITest" duration-ms="2817" started-at="2020-02-24T15:41:34 EST" finished-at="2020-02-24T15:41:37 EST">
          <reporter-output>
          </reporter-output>
        </test-method> <!-- getAPITest -->
      </class> <!-- com.qa.tests.GetAPITest -->
    </test> <!-- Default test -->
  </suite> <!-- Default suite -->
</testng-results>
